<?xml version="1.0" encoding="UTF-8"?>
<testsuite xmlns:xsi="http://www.w3.org/2001/XMLSchema-instance" xsi:noNamespaceSchemaLocation="https://maven.apache.org/surefire/maven-surefire-plugin/xsd/surefire-test-report-3.0.xsd" version="3.0" name="com.model.TrueFalseTest" time="0.048" tests="1" errors="1" skipped="0" failures="0">
  <properties>
    <property name="java.specification.version" value="22"/>
    <property name="sun.cpu.isalist" value="amd64"/>
    <property name="sun.jnu.encoding" value="Cp1252"/>
    <property name="java.class.path" value="C:\Users\wdinh\CSCE 247\CockySpeak-1\languagelearning\target\test-classes;C:\Users\wdinh\.m2\repository\org\openjfx\javafx-controls\20\javafx-controls-20.jar;C:\Users\wdinh\.m2\repository\org\openjfx\javafx-graphics\20\javafx-graphics-20.jar;C:\Users\wdinh\.m2\repository\com\gluonhq\charm-glisten\6.0.2\charm-glisten-6.0.2.jar;C:\Users\wdinh\.m2\repository\org\openjfx\javafx-base\13.0.1\javafx-base-13.0.1.jar;C:\Users\wdinh\.m2\repository\org\openjfx\javafx-fxml\20\javafx-fxml-20.jar;C:\Users\wdinh\.m2\repository\junit\junit\4.10\junit-4.10.jar;C:\Users\wdinh\.m2\repository\org\hamcrest\hamcrest-core\1.1\hamcrest-core-1.1.jar;C:\Users\wdinh\.m2\repository\software\amazon\awssdk\aws-json-protocol\2.20.123\aws-json-protocol-2.20.123.jar;C:\Users\wdinh\.m2\repository\software\amazon\awssdk\third-party-jackson-core\2.20.123\third-party-jackson-core-2.20.123.jar;C:\Users\wdinh\.m2\repository\software\amazon\awssdk\protocol-core\2.20.123\protocol-core-2.20.123.jar;C:\Users\wdinh\.m2\repository\software\amazon\awssdk\profiles\2.20.123\profiles-2.20.123.jar;C:\Users\wdinh\.m2\repository\org\reactivestreams\reactive-streams\1.0.3\reactive-streams-1.0.3.jar;C:\Users\wdinh\.m2\repository\software\amazon\awssdk\auth\2.20.123\auth-2.20.123.jar;C:\Users\wdinh\.m2\repository\software\amazon\awssdk\http-client-spi\2.20.123\http-client-spi-2.20.123.jar;C:\Users\wdinh\.m2\repository\software\amazon\awssdk\annotations\2.20.123\annotations-2.20.123.jar;C:\Users\wdinh\.m2\repository\software\amazon\awssdk\metrics-spi\2.20.123\metrics-spi-2.20.123.jar;C:\Users\wdinh\.m2\repository\software\amazon\awssdk\json-utils\2.20.123\json-utils-2.20.123.jar;C:\Users\wdinh\.m2\repository\software\amazon\awssdk\endpoints-spi\2.20.123\endpoints-spi-2.20.123.jar;C:\Users\wdinh\.m2\repository\software\amazon\awssdk\apache-client\2.20.123\apache-client-2.20.123.jar;C:\Users\wdinh\.m2\repository\org\apache\httpcomponents\httpclient\4.5.13\httpclient-4.5.13.jar;C:\Users\wdinh\.m2\repository\commons-logging\commons-logging\1.2\commons-logging-1.2.jar;C:\Users\wdinh\.m2\repository\org\apache\httpcomponents\httpcore\4.4.13\httpcore-4.4.13.jar;C:\Users\wdinh\.m2\repository\commons-codec\commons-codec\1.15\commons-codec-1.15.jar;C:\Users\wdinh\.m2\repository\software\amazon\awssdk\netty-nio-client\2.20.123\netty-nio-client-2.20.123.jar;C:\Users\wdinh\.m2\repository\io\netty\netty-codec-http\4.1.94.Final\netty-codec-http-4.1.94.Final.jar;C:\Users\wdinh\.m2\repository\io\netty\netty-codec-http2\4.1.94.Final\netty-codec-http2-4.1.94.Final.jar;C:\Users\wdinh\.m2\repository\io\netty\netty-codec\4.1.94.Final\netty-codec-4.1.94.Final.jar;C:\Users\wdinh\.m2\repository\io\netty\netty-transport\4.1.94.Final\netty-transport-4.1.94.Final.jar;C:\Users\wdinh\.m2\repository\io\netty\netty-common\4.1.94.Final\netty-common-4.1.94.Final.jar;C:\Users\wdinh\.m2\repository\io\netty\netty-buffer\4.1.94.Final\netty-buffer-4.1.94.Final.jar;C:\Users\wdinh\.m2\repository\io\netty\netty-handler\4.1.94.Final\netty-handler-4.1.94.Final.jar;C:\Users\wdinh\.m2\repository\io\netty\netty-transport-native-unix-common\4.1.94.Final\netty-transport-native-unix-common-4.1.94.Final.jar;C:\Users\wdinh\.m2\repository\io\netty\netty-transport-classes-epoll\4.1.94.Final\netty-transport-classes-epoll-4.1.94.Final.jar;C:\Users\wdinh\.m2\repository\io\netty\netty-resolver\4.1.94.Final\netty-resolver-4.1.94.Final.jar;C:\Users\wdinh\.m2\repository\org\junit\jupiter\junit-jupiter-api\5.10.0\junit-jupiter-api-5.10.0.jar;C:\Users\wdinh\.m2\repository\org\opentest4j\opentest4j\1.3.0\opentest4j-1.3.0.jar;C:\Users\wdinh\.m2\repository\org\junit\platform\junit-platform-commons\1.10.0\junit-platform-commons-1.10.0.jar;C:\Users\wdinh\.m2\repository\org\apiguardian\apiguardian-api\1.1.2\apiguardian-api-1.1.2.jar;C:\Users\wdinh\.m2\repository\org\junit\jupiter\junit-jupiter-engine\5.10.0\junit-jupiter-engine-5.10.0.jar;C:\Users\wdinh\.m2\repository\org\junit\platform\junit-platform-engine\1.10.0\junit-platform-engine-1.10.0.jar;"/>
    <property name="java.vm.vendor" value="Oracle Corporation"/>
    <property name="sun.arch.data.model" value="64"/>
    <property name="user.variant" value=""/>
    <property name="java.vendor.url" value="https://java.oracle.com/"/>
    <property name="user.timezone" value="America/New_York"/>
    <property name="os.name" value="Windows 11"/>
    <property name="java.vm.specification.version" value="22"/>
    <property name="user.country" value="US"/>
    <property name="sun.java.launcher" value="SUN_STANDARD"/>
    <property name="sun.boot.library.path" value="C:\Program Files\Java\jdk-22\bin"/>
    <property name="sun.java.command" value="org.apache.maven.surefire.booter.ForkedBooter C:\Users\wdinh\AppData\Local\Temp\surefire3678951516879610673 2024-12-06T05-05-34_510-jvmRun1 surefire-20241206050534953_1tmp surefire_0-20241206050534953_2tmp"/>
    <property name="jdk.debug" value="release"/>
    <property name="test" value="com.model.TrueFalseTest#testTrueAnswer"/>
    <property name="surefire.test.class.path" value="C:\Users\wdinh\CSCE 247\CockySpeak-1\languagelearning\target\test-classes;C:\Users\wdinh\.m2\repository\org\openjfx\javafx-controls\20\javafx-controls-20.jar;C:\Users\wdinh\.m2\repository\org\openjfx\javafx-graphics\20\javafx-graphics-20.jar;C:\Users\wdinh\.m2\repository\com\gluonhq\charm-glisten\6.0.2\charm-glisten-6.0.2.jar;C:\Users\wdinh\.m2\repository\org\openjfx\javafx-base\13.0.1\javafx-base-13.0.1.jar;C:\Users\wdinh\.m2\repository\org\openjfx\javafx-fxml\20\javafx-fxml-20.jar;C:\Users\wdinh\.m2\repository\junit\junit\4.10\junit-4.10.jar;C:\Users\wdinh\.m2\repository\org\hamcrest\hamcrest-core\1.1\hamcrest-core-1.1.jar;C:\Users\wdinh\.m2\repository\software\amazon\awssdk\aws-json-protocol\2.20.123\aws-json-protocol-2.20.123.jar;C:\Users\wdinh\.m2\repository\software\amazon\awssdk\third-party-jackson-core\2.20.123\third-party-jackson-core-2.20.123.jar;C:\Users\wdinh\.m2\repository\software\amazon\awssdk\protocol-core\2.20.123\protocol-core-2.20.123.jar;C:\Users\wdinh\.m2\repository\software\amazon\awssdk\profiles\2.20.123\profiles-2.20.123.jar;C:\Users\wdinh\.m2\repository\org\reactivestreams\reactive-streams\1.0.3\reactive-streams-1.0.3.jar;C:\Users\wdinh\.m2\repository\software\amazon\awssdk\auth\2.20.123\auth-2.20.123.jar;C:\Users\wdinh\.m2\repository\software\amazon\awssdk\http-client-spi\2.20.123\http-client-spi-2.20.123.jar;C:\Users\wdinh\.m2\repository\software\amazon\awssdk\annotations\2.20.123\annotations-2.20.123.jar;C:\Users\wdinh\.m2\repository\software\amazon\awssdk\metrics-spi\2.20.123\metrics-spi-2.20.123.jar;C:\Users\wdinh\.m2\repository\software\amazon\awssdk\json-utils\2.20.123\json-utils-2.20.123.jar;C:\Users\wdinh\.m2\repository\software\amazon\awssdk\endpoints-spi\2.20.123\endpoints-spi-2.20.123.jar;C:\Users\wdinh\.m2\repository\software\amazon\awssdk\apache-client\2.20.123\apache-client-2.20.123.jar;C:\Users\wdinh\.m2\repository\org\apache\httpcomponents\httpclient\4.5.13\httpclient-4.5.13.jar;C:\Users\wdinh\.m2\repository\commons-logging\commons-logging\1.2\commons-logging-1.2.jar;C:\Users\wdinh\.m2\repository\org\apache\httpcomponents\httpcore\4.4.13\httpcore-4.4.13.jar;C:\Users\wdinh\.m2\repository\commons-codec\commons-codec\1.15\commons-codec-1.15.jar;C:\Users\wdinh\.m2\repository\software\amazon\awssdk\netty-nio-client\2.20.123\netty-nio-client-2.20.123.jar;C:\Users\wdinh\.m2\repository\io\netty\netty-codec-http\4.1.94.Final\netty-codec-http-4.1.94.Final.jar;C:\Users\wdinh\.m2\repository\io\netty\netty-codec-http2\4.1.94.Final\netty-codec-http2-4.1.94.Final.jar;C:\Users\wdinh\.m2\repository\io\netty\netty-codec\4.1.94.Final\netty-codec-4.1.94.Final.jar;C:\Users\wdinh\.m2\repository\io\netty\netty-transport\4.1.94.Final\netty-transport-4.1.94.Final.jar;C:\Users\wdinh\.m2\repository\io\netty\netty-common\4.1.94.Final\netty-common-4.1.94.Final.jar;C:\Users\wdinh\.m2\repository\io\netty\netty-buffer\4.1.94.Final\netty-buffer-4.1.94.Final.jar;C:\Users\wdinh\.m2\repository\io\netty\netty-handler\4.1.94.Final\netty-handler-4.1.94.Final.jar;C:\Users\wdinh\.m2\repository\io\netty\netty-transport-native-unix-common\4.1.94.Final\netty-transport-native-unix-common-4.1.94.Final.jar;C:\Users\wdinh\.m2\repository\io\netty\netty-transport-classes-epoll\4.1.94.Final\netty-transport-classes-epoll-4.1.94.Final.jar;C:\Users\wdinh\.m2\repository\io\netty\netty-resolver\4.1.94.Final\netty-resolver-4.1.94.Final.jar;C:\Users\wdinh\.m2\repository\org\junit\jupiter\junit-jupiter-api\5.10.0\junit-jupiter-api-5.10.0.jar;C:\Users\wdinh\.m2\repository\org\opentest4j\opentest4j\1.3.0\opentest4j-1.3.0.jar;C:\Users\wdinh\.m2\repository\org\junit\platform\junit-platform-commons\1.10.0\junit-platform-commons-1.10.0.jar;C:\Users\wdinh\.m2\repository\org\apiguardian\apiguardian-api\1.1.2\apiguardian-api-1.1.2.jar;C:\Users\wdinh\.m2\repository\org\junit\jupiter\junit-jupiter-engine\5.10.0\junit-jupiter-engine-5.10.0.jar;C:\Users\wdinh\.m2\repository\org\junit\platform\junit-platform-engine\1.10.0\junit-platform-engine-1.10.0.jar;"/>
    <property name="sun.cpu.endian" value="little"/>
    <property name="user.home" value="C:\Users\wdinh"/>
    <property name="user.language" value="en"/>
    <property name="java.specification.vendor" value="Oracle Corporation"/>
    <property name="jdk.module.path" value="C:\Users\wdinh\CSCE 247\CockySpeak-1\languagelearning\target\classes;C:\Users\wdinh\.m2\repository\org\openjfx\javafx-controls\20\javafx-controls-20-win.jar;C:\Users\wdinh\.m2\repository\org\openjfx\javafx-graphics\20\javafx-graphics-20-win.jar;C:\Users\wdinh\.m2\repository\org\openjfx\javafx-base\13.0.1\javafx-base-13.0.1-win.jar;C:\Users\wdinh\.m2\repository\org\openjfx\javafx-fxml\20\javafx-fxml-20-win.jar;C:\Users\wdinh\.m2\repository\com\googlecode\json-simple\json-simple\1.1.1\json-simple-1.1.1.jar;C:\Users\wdinh\.m2\repository\javazoom\jlayer\1.0.1\jlayer-1.0.1.jar;C:\Users\wdinh\.m2\repository\software\amazon\awssdk\polly\2.20.123\polly-2.20.123.jar;C:\Users\wdinh\.m2\repository\software\amazon\awssdk\sdk-core\2.20.123\sdk-core-2.20.123.jar;C:\Users\wdinh\.m2\repository\software\amazon\eventstream\eventstream\1.0.1\eventstream-1.0.1.jar;C:\Users\wdinh\.m2\repository\software\amazon\awssdk\regions\2.20.123\regions-2.20.123.jar;C:\Users\wdinh\.m2\repository\software\amazon\awssdk\utils\2.20.123\utils-2.20.123.jar;C:\Users\wdinh\.m2\repository\software\amazon\awssdk\aws-core\2.20.123\aws-core-2.20.123.jar;C:\Users\wdinh\.m2\repository\org\slf4j\slf4j-api\2.0.9\slf4j-api-2.0.9.jar;C:\Users\wdinh\.m2\repository\org\slf4j\slf4j-simple\2.0.9\slf4j-simple-2.0.9.jar"/>
    <property name="java.version.date" value="2024-07-16"/>
    <property name="java.home" value="C:\Program Files\Java\jdk-22"/>
    <property name="file.separator" value="\"/>
    <property name="basedir" value="C:\Users\wdinh\CSCE 247\CockySpeak-1\languagelearning"/>
    <property name="java.vm.compressedOopsMode" value="Zero based"/>
    <property name="line.separator" value="&#10;"/>
    <property name="java.vm.specification.vendor" value="Oracle Corporation"/>
    <property name="java.specification.name" value="Java Platform API Specification"/>
    <property name="surefire.real.class.path" value="C:\Users\wdinh\.m2\repository\org\apache\maven\surefire\surefire-booter\3.2.5\surefire-booter-3.2.5.jar;C:\Users\wdinh\.m2\repository\org\apache\maven\surefire\surefire-api\3.2.5\surefire-api-3.2.5.jar;C:\Users\wdinh\.m2\repository\org\apache\maven\surefire\surefire-logger-api\3.2.5\surefire-logger-api-3.2.5.jar;C:\Users\wdinh\.m2\repository\org\apache\maven\surefire\surefire-shared-utils\3.2.5\surefire-shared-utils-3.2.5.jar;C:\Users\wdinh\.m2\repository\org\apache\maven\surefire\surefire-extensions-spi\3.2.5\surefire-extensions-spi-3.2.5.jar;C:\Users\wdinh\CSCE 247\CockySpeak-1\languagelearning\target\test-classes;C:\Users\wdinh\.m2\repository\org\openjfx\javafx-controls\20\javafx-controls-20.jar;C:\Users\wdinh\.m2\repository\org\openjfx\javafx-graphics\20\javafx-graphics-20.jar;C:\Users\wdinh\.m2\repository\com\gluonhq\charm-glisten\6.0.2\charm-glisten-6.0.2.jar;C:\Users\wdinh\.m2\repository\org\openjfx\javafx-base\13.0.1\javafx-base-13.0.1.jar;C:\Users\wdinh\.m2\repository\org\openjfx\javafx-fxml\20\javafx-fxml-20.jar;C:\Users\wdinh\.m2\repository\junit\junit\4.10\junit-4.10.jar;C:\Users\wdinh\.m2\repository\org\hamcrest\hamcrest-core\1.1\hamcrest-core-1.1.jar;C:\Users\wdinh\.m2\repository\software\amazon\awssdk\aws-json-protocol\2.20.123\aws-json-protocol-2.20.123.jar;C:\Users\wdinh\.m2\repository\software\amazon\awssdk\third-party-jackson-core\2.20.123\third-party-jackson-core-2.20.123.jar;C:\Users\wdinh\.m2\repository\software\amazon\awssdk\protocol-core\2.20.123\protocol-core-2.20.123.jar;C:\Users\wdinh\.m2\repository\software\amazon\awssdk\profiles\2.20.123\profiles-2.20.123.jar;C:\Users\wdinh\.m2\repository\org\reactivestreams\reactive-streams\1.0.3\reactive-streams-1.0.3.jar;C:\Users\wdinh\.m2\repository\software\amazon\awssdk\auth\2.20.123\auth-2.20.123.jar;C:\Users\wdinh\.m2\repository\software\amazon\awssdk\http-client-spi\2.20.123\http-client-spi-2.20.123.jar;C:\Users\wdinh\.m2\repository\software\amazon\awssdk\annotations\2.20.123\annotations-2.20.123.jar;C:\Users\wdinh\.m2\repository\software\amazon\awssdk\metrics-spi\2.20.123\metrics-spi-2.20.123.jar;C:\Users\wdinh\.m2\repository\software\amazon\awssdk\json-utils\2.20.123\json-utils-2.20.123.jar;C:\Users\wdinh\.m2\repository\software\amazon\awssdk\endpoints-spi\2.20.123\endpoints-spi-2.20.123.jar;C:\Users\wdinh\.m2\repository\software\amazon\awssdk\apache-client\2.20.123\apache-client-2.20.123.jar;C:\Users\wdinh\.m2\repository\org\apache\httpcomponents\httpclient\4.5.13\httpclient-4.5.13.jar;C:\Users\wdinh\.m2\repository\commons-logging\commons-logging\1.2\commons-logging-1.2.jar;C:\Users\wdinh\.m2\repository\org\apache\httpcomponents\httpcore\4.4.13\httpcore-4.4.13.jar;C:\Users\wdinh\.m2\repository\commons-codec\commons-codec\1.15\commons-codec-1.15.jar;C:\Users\wdinh\.m2\repository\software\amazon\awssdk\netty-nio-client\2.20.123\netty-nio-client-2.20.123.jar;C:\Users\wdinh\.m2\repository\io\netty\netty-codec-http\4.1.94.Final\netty-codec-http-4.1.94.Final.jar;C:\Users\wdinh\.m2\repository\io\netty\netty-codec-http2\4.1.94.Final\netty-codec-http2-4.1.94.Final.jar;C:\Users\wdinh\.m2\repository\io\netty\netty-codec\4.1.94.Final\netty-codec-4.1.94.Final.jar;C:\Users\wdinh\.m2\repository\io\netty\netty-transport\4.1.94.Final\netty-transport-4.1.94.Final.jar;C:\Users\wdinh\.m2\repository\io\netty\netty-common\4.1.94.Final\netty-common-4.1.94.Final.jar;C:\Users\wdinh\.m2\repository\io\netty\netty-buffer\4.1.94.Final\netty-buffer-4.1.94.Final.jar;C:\Users\wdinh\.m2\repository\io\netty\netty-handler\4.1.94.Final\netty-handler-4.1.94.Final.jar;C:\Users\wdinh\.m2\repository\io\netty\netty-transport-native-unix-common\4.1.94.Final\netty-transport-native-unix-common-4.1.94.Final.jar;C:\Users\wdinh\.m2\repository\io\netty\netty-transport-classes-epoll\4.1.94.Final\netty-transport-classes-epoll-4.1.94.Final.jar;C:\Users\wdinh\.m2\repository\io\netty\netty-resolver\4.1.94.Final\netty-resolver-4.1.94.Final.jar;C:\Users\wdinh\.m2\repository\org\junit\jupiter\junit-jupiter-api\5.10.0\junit-jupiter-api-5.10.0.jar;C:\Users\wdinh\.m2\repository\org\opentest4j\opentest4j\1.3.0\opentest4j-1.3.0.jar;C:\Users\wdinh\.m2\repository\org\junit\platform\junit-platform-commons\1.10.0\junit-platform-commons-1.10.0.jar;C:\Users\wdinh\.m2\repository\org\apiguardian\apiguardian-api\1.1.2\apiguardian-api-1.1.2.jar;C:\Users\wdinh\.m2\repository\org\junit\jupiter\junit-jupiter-engine\5.10.0\junit-jupiter-engine-5.10.0.jar;C:\Users\wdinh\.m2\repository\org\junit\platform\junit-platform-engine\1.10.0\junit-platform-engine-1.10.0.jar;C:\Users\wdinh\.m2\repository\org\apache\maven\surefire\surefire-junit-platform\3.2.5\surefire-junit-platform-3.2.5.jar;C:\Users\wdinh\.m2\repository\org\apache\maven\surefire\common-java5\3.2.5\common-java5-3.2.5.jar;C:\Users\wdinh\.m2\repository\org\junit\platform\junit-platform-launcher\1.10.0\junit-platform-launcher-1.10.0.jar"/>
    <property name="user.script" value=""/>
    <property name="sun.management.compiler" value="HotSpot 64-Bit Tiered Compilers"/>
    <property name="java.runtime.version" value="22.0.2+9-70"/>
    <property name="user.name" value="wdinh"/>
    <property name="stdout.encoding" value="Cp1252"/>
    <property name="path.separator" value=";"/>
    <property name="os.version" value="10.0"/>
    <property name="java.runtime.name" value="Java(TM) SE Runtime Environment"/>
    <property name="file.encoding" value="UTF-8"/>
    <property name="java.vm.name" value="Java HotSpot(TM) 64-Bit Server VM"/>
    <property name="maven.ext.class.path" value="C:\Users\wdinh\.vscode\extensions\oracle.oracle-java-23.0.1\nbcode\java\maven-nblib\netbeans-eventspy.jar"/>
    <property name="localRepository" value="C:\Users\wdinh\.m2\repository"/>
    <property name="java.vendor.url.bug" value="https://bugreport.java.com/bugreport/"/>
    <property name="java.io.tmpdir" value="C:\Users\wdinh\AppData\Local\Temp\"/>
    <property name="java.version" value="22.0.2"/>
    <property name="user.dir" value="C:\Users\wdinh\CSCE 247\CockySpeak-1\languagelearning"/>
    <property name="os.arch" value="amd64"/>
    <property name="java.vm.specification.name" value="Java Virtual Machine Specification"/>
    <property name="sun.os.patch.level" value=""/>
    <property name="native.encoding" value="Cp1252"/>
    <property name="java.library.path" value="C:\Program Files\Java\jdk-22\bin;C:\WINDOWS\Sun\Java\bin;C:\WINDOWS\system32;C:\WINDOWS;C:\Users\wdinh\AppData\Local\Programs\Python\Python312\Scripts\;C:\Users\wdinh\AppData\Local\Programs\Python\Python312\;C:\Program Files\Common Files\Oracle\Java\javapath;C:\Program Files (x86)\Common Files\Oracle\Java\java8path;C:\Program Files (x86)\Common Files\Oracle\Java\javapath;C:\Program Files\Eclipse Adoptium\jdk-17.0.6.10-hotspot\bin;C:\Windows\system32;C:\Windows;C:\Windows\System32\Wbem;C:\Windows\System32\WindowsPowerShell\v1.0\;C:\Windows\System32\OpenSSH\;C:\Program Files (x86)\NVIDIA Corporation\PhysX\Common;C:\WINDOWS\system32;C:\WINDOWS;C:\WINDOWS\System32\Wbem;C:\WINDOWS\System32\WindowsPowerShell\v1.0\;C:\WINDOWS\System32\OpenSSH\;C:\Program Files\dotnet\;C:\MinGW\bin;C:\Program Files\NVIDIA Corporation\NVIDIA NvDLISR;C:\Program Files\CMake\bin;C:\Program Files\Git\cmd;C:\Program Files\Amazon\AWSCLIV2\;C:\ProgramData\chocolatey\bin;C:\Program Files\nodejs\;C:\Program Files\Docker\Docker\resources\bin;C:\Users\wdinh\Downloads\apache-maven-3.9.9\bin;C:\Program Files\Go\bin;C:\Users\wdinh\AppData\Local\Programs\Python\Python312\Scripts\;C:\Users\wdinh\AppData\Local\Programs\Python\Python312\;C:\Users\wdinh\AppData\Local\Programs\Python\Python310\Scripts\;C:\Users\wdinh\AppData\Local\Programs\Python\Python310\;C:\Users\wdinh\AppData\Local\Microsoft\WindowsApps;C:\Users\wdinh\AppData\Local\Programs\Microsoft VS Code\bin;C:\Program Files\JetBrains\IntelliJ IDEA Community Edition 2022.3.2\bin;;C:\Program Files\JetBrains\CLion 2023.3.2\bin;;C:\msys64\ucrt64\bin;C:\MinGW\bin;C:\Users\wdinh\AppData\Local\Microsoft\WinGet\Packages\Schniz.fnm_Microsoft.Winget.Source_8wekyb3d8bbwe;C:\Program Files\JetBrains\WebStorm 2024.2.3\bin;;C:\Users\wdinh\AppData\Roaming\npm;C:\Users\wdinh\go\bin;;."/>
    <property name="java.vm.info" value="mixed mode"/>
    <property name="stderr.encoding" value="Cp1252"/>
    <property name="java.vendor" value="Oracle Corporation"/>
    <property name="java.vm.version" value="22.0.2+9-70"/>
    <property name="sun.io.unicode.encoding" value="UnicodeLittle"/>
    <property name="java.class.version" value="66.0"/>
  </properties>
  <testcase name="testTrueAnswer" classname="com.model.TrueFalseTest" time="0.008">
    <error type="java.lang.NullPointerException"><![CDATA[java.lang.NullPointerException
	at java.base/java.io.Reader.<init>(Reader.java:168)
	at java.base/java.io.InputStreamReader.<init>(InputStreamReader.java:123)
	at com.language@1.0-SNAPSHOT/com.model.DataLoader.loadWordsFromResource(DataLoader.java:313)
	at com.language@1.0-SNAPSHOT/com.model.WordList.loadWords(WordList.java:57)
	at com.language@1.0-SNAPSHOT/com.model.WordList.<init>(WordList.java:24)
	at com.language@1.0-SNAPSHOT/com.model.WordList.getInstance(WordList.java:39)
	at com.language@1.0-SNAPSHOT/com.model.TrueFalseTest.<init>(TrueFalseTest.java:8)
	at java.base/java.lang.reflect.Constructor.newInstanceWithCaller(Constructor.java:502)
	at java.base/java.lang.reflect.Constructor.newInstance(Constructor.java:486)
	at java.base/java.util.Optional.orElseGet(Optional.java:364)
	at java.base/java.util.ArrayList.forEach(ArrayList.java:1597)
	at java.base/java.util.ArrayList.forEach(ArrayList.java:1597)
]]></error>
  </testcase>
</testsuite>